<?xml version="1.0" encoding="UTF-8"?>
<testng-results skipped="0" failed="0" ignored="1" total="2" passed="1">
  <reporter-output>
  </reporter-output>
  <suite name="Default suite" duration-ms="23" started-at="2018-12-23T18:53:53Z" finished-at="2018-12-23T18:53:53Z">
    <groups>
    </groups>
    <test name="Default test" duration-ms="23" started-at="2018-12-23T18:53:53Z" finished-at="2018-12-23T18:53:53Z">
      <class name="TestNGSimpleTest">
        <test-method status="PASS" signature="testAdd1()[pri:0, instance:TestNGSimpleTest@5d5eef3d]" name="testAdd1" duration-ms="7" started-at="2018-12-23T18:53:53Z" finished-at="2018-12-23T18:53:53Z">
          <reporter-output>
          </reporter-output>
        </test-method> <!-- testAdd1 -->
      </class> <!-- TestNGSimpleTest -->
    </test> <!-- Default test -->
  </suite> <!-- Default suite -->
</testng-results>
