<?xml version="1.0" encoding="UTF-8"?>
<testng-results skipped="0" failed="0" ignored="0" total="1" passed="1">
  <reporter-output>
  </reporter-output>
  <suite name="Default suite" duration-ms="26" started-at="2018-12-22T18:48:29Z" finished-at="2018-12-22T18:48:29Z">
    <groups>
    </groups>
    <test name="Default test" duration-ms="26" started-at="2018-12-22T18:48:29Z" finished-at="2018-12-22T18:48:29Z">
      <class name="TestNGSimpleTest">
        <test-method status="PASS" signature="testAdd()[pri:0, instance:TestNGSimpleTest@215be6bb]" name="testAdd" duration-ms="9" started-at="2018-12-22T18:48:29Z" finished-at="2018-12-22T18:48:29Z">
          <reporter-output>
          </reporter-output>
        </test-method> <!-- testAdd -->
      </class> <!-- TestNGSimpleTest -->
    </test> <!-- Default test -->
  </suite> <!-- Default suite -->
</testng-results>
